<?xml version="1.0" encoding="UTF-8"?>
<!-- Generated by org.testng.reporters.JUnitReportReporter -->
<testsuite skipped="0" hostname="P117" name="test.GoToIosStoreTest" tests="1" failures="0" timestamp="2021-03-16T21:22:46 CET" time="23.207" errors="0">
  <testcase name="goToPlayStoreTest" time="23.207" classname="test.GoToIosStoreTest"/>
  <system-out/>
</testsuite> <!-- test.GoToIosStoreTest -->
