<?xml version="1.0" encoding="UTF-8"?>
<!-- Generated by org.testng.reporters.JUnitReportReporter -->
<testsuite skipped="0" hostname="P117" name="test.ChangeLanguageTest" tests="1" failures="0" timestamp="2021-03-16T21:22:46 CET" time="22.336" errors="0">
  <testcase name="changeLanguage" time="22.336" classname="test.ChangeLanguageTest"/>
  <system-out/>
</testsuite> <!-- test.ChangeLanguageTest -->
