<?xml version="1.0" encoding="UTF-8"?>
<!-- Generated by org.testng.reporters.JUnitReportReporter -->
<testsuite skipped="0" hostname="P117" name="test.GoToPlayStoreTest" tests="1" failures="0" timestamp="2021-03-17T09:43:03 CET" time="31.007" errors="0">
  <testcase name="goToPlayStoreTest" time="31.007" classname="test.GoToPlayStoreTest"/>
  <system-out/>
</testsuite> <!-- test.GoToPlayStoreTest -->
