<?xml version="1.0" encoding="UTF-8"?>
<!-- Generated by org.testng.reporters.JUnitReportReporter -->
<testsuite skipped="0" hostname="P117" name="test.ChangeLanguageTest" tests="1" failures="0" timestamp="2021-03-17T09:43:03 CET" time="29.584" errors="0">
  <testcase name="changeLanguage" time="29.584" classname="test.ChangeLanguageTest"/>
  <system-out/>
</testsuite> <!-- test.ChangeLanguageTest -->
