<?xml version="1.0" encoding="UTF-8"?>
<!-- Generated by org.testng.reporters.JUnitReportReporter -->
<testsuite skipped="0" hostname="P117" name="test.MenuEntriesTest" tests="1" failures="0" timestamp="2021-03-17T09:43:03 CET" time="118.020" errors="0">
  <testcase name="menuEntriesTest" time="118.020" classname="test.MenuEntriesTest"/>
  <system-out/>
</testsuite> <!-- test.MenuEntriesTest -->
