<?xml version="1.0" encoding="UTF-8"?>
<!-- Generated by org.testng.reporters.JUnitReportReporter -->
<testsuite skipped="0" hostname="P117" name="test.GoToPlayStoreTest" tests="1" failures="0" timestamp="2021-03-16T20:51:24 CET" time="32.709" errors="0">
  <testcase name="goToPlayStoreTest" time="32.709" classname="test.GoToPlayStoreTest"/>
  <system-out/>
</testsuite> <!-- test.GoToPlayStoreTest -->
